<?xml version="1.0" encoding="UTF-8"?>
<testsuite name="com.phonebook.tests.LoginTests" tests="1" skipped="0" failures="0" errors="0" timestamp="2025-04-28T10:20:32" hostname="DESKTOP-N3QMS9J" time="1.937">
  <properties/>
  <testcase name="loginNegativeWithoutEmailTest" classname="com.phonebook.tests.LoginTests" time="1.937"/>
  <system-out><![CDATA[12:20:32.874 [Test worker] INFO  com.phonebook.tests.TestBase -- Start test: loginNegativeWithoutEmailTest[]
12:20:32.877 [Test worker] INFO  com.phonebook.utils.MyListener -- Before find elemets By.cssSelector: [href='/login']
12:20:32.877 [Test worker] INFO  com.phonebook.utils.MyListener -- =========================================================
12:20:32.943 [Test worker] INFO  com.phonebook.utils.MyListener -- List size1
12:20:32.952 [Test worker] INFO  com.phonebook.utils.MyListener -- =========================================================
12:20:32.954 [Test worker] INFO  com.phonebook.utils.MyListener -- The locator will find By.cssSelector: [href='/login']
12:20:32.954 [Test worker] INFO  com.phonebook.utils.MyListener -- =========================================================
12:20:32.963 [Test worker] INFO  com.phonebook.utils.MyListener -- The locator is By.cssSelector: [href='/login']
12:20:32.963 [Test worker] INFO  com.phonebook.utils.MyListener -- =========================================================
12:20:33.268 [Test worker] INFO  com.phonebook.utils.MyListener -- The locator will find By.name: password
12:20:33.269 [Test worker] INFO  com.phonebook.utils.MyListener -- =========================================================
12:20:33.275 [Test worker] INFO  com.phonebook.utils.MyListener -- The locator is By.name: password
12:20:33.275 [Test worker] INFO  com.phonebook.utils.MyListener -- =========================================================
12:20:33.550 [Test worker] INFO  com.phonebook.utils.MyListener -- The locator will find By.name: password
12:20:33.551 [Test worker] INFO  com.phonebook.utils.MyListener -- =========================================================
12:20:33.558 [Test worker] INFO  com.phonebook.utils.MyListener -- The locator is By.name: password
12:20:33.558 [Test worker] INFO  com.phonebook.utils.MyListener -- =========================================================
12:20:33.564 [Test worker] INFO  com.phonebook.utils.MyListener -- The locator will find By.name: password
12:20:33.564 [Test worker] INFO  com.phonebook.utils.MyListener -- =========================================================
12:20:33.570 [Test worker] INFO  com.phonebook.utils.MyListener -- The locator is By.name: password
12:20:33.570 [Test worker] INFO  com.phonebook.utils.MyListener -- =========================================================
12:20:33.597 [Test worker] INFO  com.phonebook.utils.MyListener -- The locator will find By.name: login
12:20:33.597 [Test worker] INFO  com.phonebook.utils.MyListener -- =========================================================
12:20:33.603 [Test worker] INFO  com.phonebook.utils.MyListener -- The locator is By.name: login
12:20:33.604 [Test worker] INFO  com.phonebook.utils.MyListener -- =========================================================
12:20:33.846 [Test worker] INFO  com.phonebook.utils.MyListener -- The test has a problem
12:20:33.846 [Test worker] INFO  com.phonebook.utils.MyListener -- =========================================================
12:20:33.846 [Test worker] INFO  com.phonebook.utils.MyListener -- Method -> alert
12:20:33.846 [Test worker] INFO  com.phonebook.utils.MyListener -- =========================================================
12:20:33.847 [Test worker] INFO  com.phonebook.utils.MyListener -- TargetException -> org.openqa.selenium.NoAlertPresentException: Build info: version: '4.30.0', revision: '509c7f17cc*'
System info: os.name: 'Windows 11', os.arch: 'amd64', os.version: '10.0', java.version: '17.0.13'
Driver info: org.openqa.selenium.firefox.FirefoxDriver
Command: [6e52d0ad-c91d-48d4-a46a-013f06beaede, getAlertText {}]
Capabilities {acceptInsecureCerts: true, browserName: firefox, browserVersion: 137.0.2, moz:accessibilityChecks: false, moz:buildID: 20250414091429, moz:geckodriverVersion: 0.36.0, moz:headless: false, moz:platformVersion: 10.0, moz:processID: 23844, moz:profile: C:\Users\natal\AppData\Loca..., moz:shutdownTimeout: 60000, moz:webdriverClick: true, moz:windowless: false, pageLoadStrategy: normal, platformName: windows, proxy: Proxy(), setWindowRect: true, strictFileInteractability: false, timeouts: {implicit: 0, pageLoad: 300000, script: 30000}, unhandledPromptBehavior: dismiss and notify, userAgent: Mozilla/5.0 (Windows NT 10....}
Session ID: 6e52d0ad-c91d-48d4-a46a-013f06beaede
12:20:33.848 [Test worker] INFO  com.phonebook.utils.MyListener -- =========================================================
12:20:33.848 [Test worker] INFO  com.phonebook.utils.MyListener -- Object target -> org.openqa.selenium.remote.RemoteWebDriver$RemoteTargetLocator@1f3165e7
12:20:33.848 [Test worker] INFO  com.phonebook.utils.MyListener -- =========================================================
12:20:34.356 [Test worker] INFO  com.phonebook.utils.MyListener -- The test has a problem
12:20:34.356 [Test worker] INFO  com.phonebook.utils.MyListener -- =========================================================
12:20:34.356 [Test worker] INFO  com.phonebook.utils.MyListener -- Method -> alert
12:20:34.357 [Test worker] INFO  com.phonebook.utils.MyListener -- =========================================================
12:20:34.357 [Test worker] INFO  com.phonebook.utils.MyListener -- TargetException -> org.openqa.selenium.NoAlertPresentException: Build info: version: '4.30.0', revision: '509c7f17cc*'
System info: os.name: 'Windows 11', os.arch: 'amd64', os.version: '10.0', java.version: '17.0.13'
Driver info: org.openqa.selenium.firefox.FirefoxDriver
Command: [6e52d0ad-c91d-48d4-a46a-013f06beaede, getAlertText {}]
Capabilities {acceptInsecureCerts: true, browserName: firefox, browserVersion: 137.0.2, moz:accessibilityChecks: false, moz:buildID: 20250414091429, moz:geckodriverVersion: 0.36.0, moz:headless: false, moz:platformVersion: 10.0, moz:processID: 23844, moz:profile: C:\Users\natal\AppData\Loca..., moz:shutdownTimeout: 60000, moz:webdriverClick: true, moz:windowless: false, pageLoadStrategy: normal, platformName: windows, proxy: Proxy(), setWindowRect: true, strictFileInteractability: false, timeouts: {implicit: 0, pageLoad: 300000, script: 30000}, unhandledPromptBehavior: dismiss and notify, userAgent: Mozilla/5.0 (Windows NT 10....}
Session ID: 6e52d0ad-c91d-48d4-a46a-013f06beaede
12:20:34.357 [Test worker] INFO  com.phonebook.utils.MyListener -- =========================================================
12:20:34.357 [Test worker] INFO  com.phonebook.utils.MyListener -- Object target -> org.openqa.selenium.remote.RemoteWebDriver$RemoteTargetLocator@2ec3633f
12:20:34.357 [Test worker] INFO  com.phonebook.utils.MyListener -- =========================================================
Wrong email or password
12:20:34.893 [Test worker] INFO  com.phonebook.tests.TestBase -- PASSED: loginNegativeWithoutEmailTest
12:20:34.894 [Test worker] INFO  com.phonebook.tests.TestBase -- Stop test
12:20:34.894 [Test worker] INFO  com.phonebook.tests.TestBase -- ===================================================
]]></system-out>
  <system-err><![CDATA[]]></system-err>
</testsuite>
